  [1m[35m (4632.4ms)[0m  [1m[35mCREATE DATABASE "ScoreCan_development" ENCODING = 'unicode'[0m
  [1m[35m (1412.5ms)[0m  [1m[35mCREATE DATABASE "ScoreCan_test" ENCODING = 'unicode'[0m
  [1m[35m (272.5ms)[0m  [1m[35mCREATE TABLE "schema_migrations" ("version" character varying NOT NULL PRIMARY KEY)[0m
  [1m[35m (130.4ms)[0m  [1m[35mCREATE TABLE "ar_internal_metadata" ("key" character varying NOT NULL PRIMARY KEY, "value" character varying, "created_at" timestamp(6) NOT NULL, "updated_at" timestamp(6) NOT NULL)[0m
  [1m[35m (0.4ms)[0m  [1m[34mSELECT pg_try_advisory_lock(4556650452009280170)[0m
  [1m[35m (0.8ms)[0m  [1m[34mSELECT "schema_migrations"."version" FROM "schema_migrations" ORDER BY "schema_migrations"."version" ASC[0m
Migrating to EnablePgCrypto (20220106115131)
  [1m[36mTRANSACTION (0.3ms)[0m  [1m[35mBEGIN[0m
  [1m[35mSQL (160.6ms)[0m  [1m[35mCREATE EXTENSION IF NOT EXISTS "pgcrypto"[0m
  [1m[36mActiveRecord::SchemaMigration Create (0.6ms)[0m  [1m[32mINSERT INTO "schema_migrations" ("version") VALUES ($1) RETURNING "version"[0m  [["version", "20220106115131"]]
  [1m[36mTRANSACTION (24.5ms)[0m  [1m[35mCOMMIT[0m
  [1m[36mActiveRecord::InternalMetadata Load (0.4ms)[0m  [1m[34mSELECT "ar_internal_metadata".* FROM "ar_internal_metadata" WHERE "ar_internal_metadata"."key" = $1 LIMIT $2[0m  [["key", "environment"], ["LIMIT", 1]]
  [1m[36mTRANSACTION (0.2ms)[0m  [1m[35mBEGIN[0m
  [1m[36mActiveRecord::InternalMetadata Create (28.6ms)[0m  [1m[32mINSERT INTO "ar_internal_metadata" ("key", "value", "created_at", "updated_at") VALUES ($1, $2, $3, $4) RETURNING "key"[0m  [["key", "environment"], ["value", "development"], ["created_at", "2022-01-06 11:53:01.008418"], ["updated_at", "2022-01-06 11:53:01.008418"]]
  [1m[36mTRANSACTION (79.5ms)[0m  [1m[35mCOMMIT[0m
  [1m[35m (0.4ms)[0m  [1m[34mSELECT pg_advisory_unlock(4556650452009280170)[0m
  [1m[35m (0.9ms)[0m  [1m[34mSELECT "schema_migrations"."version" FROM "schema_migrations" ORDER BY "schema_migrations"."version" ASC[0m
Started GET "/" for 127.0.0.1 at 2022-01-06 11:57:12 +0000
  [1m[35m (8.5ms)[0m  [1m[34mSELECT "schema_migrations"."version" FROM "schema_migrations" ORDER BY "schema_migrations"."version" ASC[0m
Processing by Rails::WelcomeController#index as HTML
  Rendering /home/ibrahim/.rvm/gems/ruby-3.0.0/gems/railties-6.1.4.4/lib/rails/templates/rails/welcome/index.html.erb
  Rendered /home/ibrahim/.rvm/gems/ruby-3.0.0/gems/railties-6.1.4.4/lib/rails/templates/rails/welcome/index.html.erb (Duration: 30.5ms | Allocations: 518)
Completed 200 OK in 70ms (Views: 37.4ms | ActiveRecord: 0.0ms | Allocations: 4170)


  [1m[35m (396.6ms)[0m  [1m[35mCREATE DATABASE "ScoreCan_development" ENCODING = 'unicode'[0m
  [1m[35m (0.7ms)[0m  [1m[35mCREATE DATABASE "ScoreCan_test" ENCODING = 'unicode'[0m
  [1m[35m (0.2ms)[0m  [1m[34mSELECT pg_try_advisory_lock(4556650452009280170)[0m
  [1m[35m (0.8ms)[0m  [1m[34mSELECT "schema_migrations"."version" FROM "schema_migrations" ORDER BY "schema_migrations"."version" ASC[0m
Migrating to CreatePredictions (20220106124157)
  [1m[36mTRANSACTION (0.2ms)[0m  [1m[35mBEGIN[0m
  [1m[35m (214.2ms)[0m  [1m[35mCREATE TABLE "predictions" ("id" uuid DEFAULT gen_random_uuid() NOT NULL PRIMARY KEY, "score_a" integer, "score_b" integer, "points" integer, "predicted_result" integer, "is_good_result" boolean, "is_exact_score" boolean, "match_id" uuid NOT NULL, "user_id" uuid NOT NULL, "created_at" timestamp(6) NOT NULL, "updated_at" timestamp(6) NOT NULL, CONSTRAINT "fk_rails_efbcaaab9d"
FOREIGN KEY ("match_id")
  REFERENCES "matches" ("id")
, CONSTRAINT "fk_rails_7eed2ccc94"
FOREIGN KEY ("user_id")
  REFERENCES "users" ("id")
)[0m
  [1m[36mTRANSACTION (0.2ms)[0m  [1m[31mROLLBACK[0m
  [1m[35m (0.4ms)[0m  [1m[34mSELECT pg_advisory_unlock(4556650452009280170)[0m
  [1m[35m (0.4ms)[0m  [1m[34mSELECT pg_try_advisory_lock(4556650452009280170)[0m
  [1m[35m (0.9ms)[0m  [1m[34mSELECT "schema_migrations"."version" FROM "schema_migrations" ORDER BY "schema_migrations"."version" ASC[0m
Migrating to CreatePredictions (20220106124157)
  [1m[36mTRANSACTION (0.3ms)[0m  [1m[35mBEGIN[0m
  [1m[35m (46.9ms)[0m  [1m[35mCREATE TABLE "predictions" ("id" uuid DEFAULT gen_random_uuid() NOT NULL PRIMARY KEY, "score_a" integer, "score_b" integer, "points" integer, "predicted_result" integer, "is_good_result" boolean, "is_exact_score" boolean, "match_id" uuid NOT NULL, "user_id" uuid NOT NULL, "created_at" timestamp(6) NOT NULL, "updated_at" timestamp(6) NOT NULL, CONSTRAINT "fk_rails_efbcaaab9d"
FOREIGN KEY ("match_id")
  REFERENCES "matches" ("id")
, CONSTRAINT "fk_rails_7eed2ccc94"
FOREIGN KEY ("user_id")
  REFERENCES "users" ("id")
)[0m
  [1m[36mTRANSACTION (0.2ms)[0m  [1m[31mROLLBACK[0m
  [1m[35m (0.3ms)[0m  [1m[34mSELECT pg_advisory_unlock(4556650452009280170)[0m
  [1m[35m (0.8ms)[0m  [1m[34mSELECT "schema_migrations"."version" FROM "schema_migrations" ORDER BY "schema_migrations"."version" ASC[0m
  [1m[35m (0.5ms)[0m  [1m[34mSELECT "ar_internal_metadata"."value" FROM "ar_internal_metadata" WHERE "ar_internal_metadata"."key" = $1[0m  [["key", "environment"]]
  [1m[35m (0.3ms)[0m  [1m[34mSELECT "schema_migrations"."version" FROM "schema_migrations" ORDER BY "schema_migrations"."version" ASC[0m
  [1m[35m (0.3ms)[0m  [1m[34mSELECT "ar_internal_metadata"."value" FROM "ar_internal_metadata" WHERE "ar_internal_metadata"."key" = $1[0m  [["key", "environment"]]
  [1m[35m (0.4ms)[0m  [1m[34mSELECT "schema_migrations"."version" FROM "schema_migrations" ORDER BY "schema_migrations"."version" ASC[0m
  [1m[35m (0.3ms)[0m  [1m[34mSELECT "ar_internal_metadata"."value" FROM "ar_internal_metadata" WHERE "ar_internal_metadata"."key" = $1[0m  [["key", "environment"]]
  [1m[35m (656.0ms)[0m  [1m[35mDROP DATABASE IF EXISTS "ScoreCan_development"[0m
  [1m[35m (681.0ms)[0m  [1m[35mDROP DATABASE IF EXISTS "ScoreCan_test"[0m
  [1m[35m (3386.4ms)[0m  [1m[35mCREATE DATABASE "ScoreCan_development" ENCODING = 'unicode'[0m
  [1m[35m (1318.4ms)[0m  [1m[35mCREATE DATABASE "ScoreCan_test" ENCODING = 'unicode'[0m
  [1m[35m (341.9ms)[0m  [1m[35mCREATE TABLE "schema_migrations" ("version" character varying NOT NULL PRIMARY KEY)[0m
  [1m[35m (141.7ms)[0m  [1m[35mCREATE TABLE "ar_internal_metadata" ("key" character varying NOT NULL PRIMARY KEY, "value" character varying, "created_at" timestamp(6) NOT NULL, "updated_at" timestamp(6) NOT NULL)[0m
  [1m[35m (0.3ms)[0m  [1m[34mSELECT pg_try_advisory_lock(4556650452009280170)[0m
  [1m[35m (0.8ms)[0m  [1m[34mSELECT "schema_migrations"."version" FROM "schema_migrations" ORDER BY "schema_migrations"."version" ASC[0m
Migrating to EnablePgCrypto (20220106115131)
  [1m[36mTRANSACTION (0.2ms)[0m  [1m[35mBEGIN[0m
  [1m[35mSQL (409.4ms)[0m  [1m[35mCREATE EXTENSION IF NOT EXISTS "pgcrypto"[0m
  [1m[36mActiveRecord::SchemaMigration Create (0.6ms)[0m  [1m[32mINSERT INTO "schema_migrations" ("version") VALUES ($1) RETURNING "version"[0m  [["version", "20220106115131"]]
  [1m[36mTRANSACTION (26.7ms)[0m  [1m[35mCOMMIT[0m
Migrating to CreatePredictions (20220106124157)
  [1m[36mTRANSACTION (0.2ms)[0m  [1m[35mBEGIN[0m
  [1m[35m (59.5ms)[0m  [1m[35mCREATE TABLE "predictions" ("id" uuid DEFAULT gen_random_uuid() NOT NULL PRIMARY KEY, "score_a" integer, "score_b" integer, "points" integer, "predicted_result" integer, "is_good_result" boolean, "is_exact_score" boolean, "matches_id" uuid NOT NULL, "users_id" uuid NOT NULL, "created_at" timestamp(6) NOT NULL, "updated_at" timestamp(6) NOT NULL, CONSTRAINT "fk_rails_4295d9ce6d"
FOREIGN KEY ("matches_id")
  REFERENCES "matches" ("id")
, CONSTRAINT "fk_rails_83cbf2f703"
FOREIGN KEY ("users_id")
  REFERENCES "users" ("id")
)[0m
  [1m[36mTRANSACTION (0.3ms)[0m  [1m[31mROLLBACK[0m
  [1m[35m (0.5ms)[0m  [1m[34mSELECT pg_advisory_unlock(4556650452009280170)[0m
  [1m[35m (0.3ms)[0m  [1m[34mSELECT pg_try_advisory_lock(4556650452009280170)[0m
  [1m[35m (0.9ms)[0m  [1m[34mSELECT "schema_migrations"."version" FROM "schema_migrations" ORDER BY "schema_migrations"."version" ASC[0m
Migrating to CreatePredictions (20220106124157)
  [1m[36mTRANSACTION (0.3ms)[0m  [1m[35mBEGIN[0m
  [1m[35m (57.4ms)[0m  [1m[35mCREATE TABLE "predictions" ("id" uuid DEFAULT gen_random_uuid() NOT NULL PRIMARY KEY, "score_a" integer, "score_b" integer, "points" integer, "predicted_result" integer, "is_good_result" boolean, "is_exact_score" boolean, "matches_id" uuid NOT NULL, "users_id" uuid NOT NULL, "created_at" timestamp(6) NOT NULL, "updated_at" timestamp(6) NOT NULL, CONSTRAINT "fk_rails_4295d9ce6d"
FOREIGN KEY ("matches_id")
  REFERENCES "matches" ("id")
, CONSTRAINT "fk_rails_83cbf2f703"
FOREIGN KEY ("users_id")
  REFERENCES "users" ("id")
)[0m
  [1m[36mTRANSACTION (0.2ms)[0m  [1m[31mROLLBACK[0m
  [1m[35m (0.4ms)[0m  [1m[34mSELECT pg_advisory_unlock(4556650452009280170)[0m
  [1m[35m (0.2ms)[0m  [1m[34mSELECT pg_try_advisory_lock(4556650452009280170)[0m
  [1m[35m (0.9ms)[0m  [1m[34mSELECT "schema_migrations"."version" FROM "schema_migrations" ORDER BY "schema_migrations"."version" ASC[0m
Migrating to CreatePredictions (20220106124157)
  [1m[36mTRANSACTION (0.2ms)[0m  [1m[35mBEGIN[0m
  [1m[35m (57.5ms)[0m  [1m[35mCREATE TABLE "predictions" ("id" uuid DEFAULT gen_random_uuid() NOT NULL PRIMARY KEY, "score_a" integer, "score_b" integer, "points" integer, "predicted_result" integer, "is_good_result" boolean, "is_exact_score" boolean, "matches_id" uuid NOT NULL, "users_id" uuid NOT NULL, "created_at" timestamp(6) NOT NULL, "updated_at" timestamp(6) NOT NULL, CONSTRAINT "fk_rails_4295d9ce6d"
FOREIGN KEY ("matches_id")
  REFERENCES "matches" ("id")
, CONSTRAINT "fk_rails_83cbf2f703"
FOREIGN KEY ("users_id")
  REFERENCES "users" ("id")
)[0m
  [1m[36mTRANSACTION (0.2ms)[0m  [1m[31mROLLBACK[0m
  [1m[35m (0.4ms)[0m  [1m[34mSELECT pg_advisory_unlock(4556650452009280170)[0m
  [1m[35m (1.2ms)[0m  [1m[34mSELECT "schema_migrations"."version" FROM "schema_migrations" ORDER BY "schema_migrations"."version" ASC[0m
  [1m[35m (0.8ms)[0m  [1m[34mSELECT "ar_internal_metadata"."value" FROM "ar_internal_metadata" WHERE "ar_internal_metadata"."key" = $1[0m  [["key", "environment"]]
  [1m[36mActiveRecord::InternalMetadata Load (0.6ms)[0m  [1m[34mSELECT "ar_internal_metadata".* FROM "ar_internal_metadata" WHERE "ar_internal_metadata"."key" = $1 LIMIT $2[0m  [["key", "environment"], ["LIMIT", 1]]
  [1m[36mTRANSACTION (0.2ms)[0m  [1m[35mBEGIN[0m
  [1m[36mActiveRecord::InternalMetadata Create (19.5ms)[0m  [1m[32mINSERT INTO "ar_internal_metadata" ("key", "value", "created_at", "updated_at") VALUES ($1, $2, $3, $4) RETURNING "key"[0m  [["key", "environment"], ["value", "development"], ["created_at", "2022-01-06 14:28:50.828525"], ["updated_at", "2022-01-06 14:28:50.828525"]]
  [1m[36mTRANSACTION (34.7ms)[0m  [1m[35mCOMMIT[0m
  [1m[35m (1.0ms)[0m  [1m[34mSELECT "schema_migrations"."version" FROM "schema_migrations" ORDER BY "schema_migrations"."version" ASC[0m
  [1m[35m (0.5ms)[0m  [1m[34mSELECT "ar_internal_metadata"."value" FROM "ar_internal_metadata" WHERE "ar_internal_metadata"."key" = $1[0m  [["key", "environment"]]
  [1m[35m (0.4ms)[0m  [1m[34mSELECT "schema_migrations"."version" FROM "schema_migrations" ORDER BY "schema_migrations"."version" ASC[0m
  [1m[35m (0.3ms)[0m  [1m[34mSELECT "ar_internal_metadata"."value" FROM "ar_internal_metadata" WHERE "ar_internal_metadata"."key" = $1[0m  [["key", "environment"]]
  [1m[35m (0.4ms)[0m  [1m[34mSELECT "schema_migrations"."version" FROM "schema_migrations" ORDER BY "schema_migrations"."version" ASC[0m
  [1m[35m (0.4ms)[0m  [1m[34mSELECT "ar_internal_metadata"."value" FROM "ar_internal_metadata" WHERE "ar_internal_metadata"."key" = $1[0m  [["key", "environment"]]
  [1m[35m (484.3ms)[0m  [1m[35mDROP DATABASE IF EXISTS "ScoreCan_development"[0m
  [1m[35m (495.4ms)[0m  [1m[35mDROP DATABASE IF EXISTS "ScoreCan_test"[0m
  [1m[35m (2962.7ms)[0m  [1m[35mCREATE DATABASE "ScoreCan_development" ENCODING = 'unicode'[0m
  [1m[35m (1424.6ms)[0m  [1m[35mCREATE DATABASE "ScoreCan_test" ENCODING = 'unicode'[0m
  [1m[35m (220.8ms)[0m  [1m[35mCREATE TABLE "schema_migrations" ("version" character varying NOT NULL PRIMARY KEY)[0m
  [1m[35m (130.6ms)[0m  [1m[35mCREATE TABLE "ar_internal_metadata" ("key" character varying NOT NULL PRIMARY KEY, "value" character varying, "created_at" timestamp(6) NOT NULL, "updated_at" timestamp(6) NOT NULL)[0m
  [1m[35m (0.4ms)[0m  [1m[34mSELECT pg_try_advisory_lock(4556650452009280170)[0m
  [1m[35m (0.9ms)[0m  [1m[34mSELECT "schema_migrations"."version" FROM "schema_migrations" ORDER BY "schema_migrations"."version" ASC[0m
Migrating to EnablePgCrypto (20220106115131)
  [1m[36mTRANSACTION (0.3ms)[0m  [1m[35mBEGIN[0m
  [1m[35mSQL (331.1ms)[0m  [1m[35mCREATE EXTENSION IF NOT EXISTS "pgcrypto"[0m
  [1m[36mActiveRecord::SchemaMigration Create (0.8ms)[0m  [1m[32mINSERT INTO "schema_migrations" ("version") VALUES ($1) RETURNING "version"[0m  [["version", "20220106115131"]]
  [1m[36mTRANSACTION (23.0ms)[0m  [1m[35mCOMMIT[0m
Migrating to CreatePredictions (20220106124157)
  [1m[36mTRANSACTION (0.3ms)[0m  [1m[35mBEGIN[0m
  [1m[35m (183.9ms)[0m  [1m[35mCREATE TABLE "predictions" ("id" uuid DEFAULT gen_random_uuid() NOT NULL PRIMARY KEY, "score_a" integer, "score_b" integer, "points" integer, "predicted_result" integer, "is_good_result" boolean, "is_exact_score" boolean, "matches_id" uuid NOT NULL, "users_id" uuid NOT NULL, "created_at" timestamp(6) NOT NULL, "updated_at" timestamp(6) NOT NULL, CONSTRAINT "fk_rails_4295d9ce6d"
FOREIGN KEY ("matches_id")
  REFERENCES "matches" ("id")
, CONSTRAINT "fk_rails_83cbf2f703"
FOREIGN KEY ("users_id")
  REFERENCES "users" ("id")
)[0m
  [1m[36mTRANSACTION (0.2ms)[0m  [1m[31mROLLBACK[0m
  [1m[35m (0.4ms)[0m  [1m[34mSELECT pg_advisory_unlock(4556650452009280170)[0m
  [1m[35m (0.8ms)[0m  [1m[34mSELECT "schema_migrations"."version" FROM "schema_migrations" ORDER BY "schema_migrations"."version" ASC[0m
  [1m[35m (0.6ms)[0m  [1m[34mSELECT "ar_internal_metadata"."value" FROM "ar_internal_metadata" WHERE "ar_internal_metadata"."key" = $1[0m  [["key", "environment"]]
  [1m[36mActiveRecord::InternalMetadata Load (0.6ms)[0m  [1m[34mSELECT "ar_internal_metadata".* FROM "ar_internal_metadata" WHERE "ar_internal_metadata"."key" = $1 LIMIT $2[0m  [["key", "environment"], ["LIMIT", 1]]
  [1m[36mTRANSACTION (0.3ms)[0m  [1m[35mBEGIN[0m
  [1m[36mActiveRecord::InternalMetadata Create (0.6ms)[0m  [1m[32mINSERT INTO "ar_internal_metadata" ("key", "value", "created_at", "updated_at") VALUES ($1, $2, $3, $4) RETURNING "key"[0m  [["key", "environment"], ["value", "development"], ["created_at", "2022-01-06 14:32:03.855262"], ["updated_at", "2022-01-06 14:32:03.855262"]]
  [1m[36mTRANSACTION (19.7ms)[0m  [1m[35mCOMMIT[0m
  [1m[35m (0.8ms)[0m  [1m[34mSELECT "schema_migrations"."version" FROM "schema_migrations" ORDER BY "schema_migrations"."version" ASC[0m
  [1m[35m (0.5ms)[0m  [1m[34mSELECT "ar_internal_metadata"."value" FROM "ar_internal_metadata" WHERE "ar_internal_metadata"."key" = $1[0m  [["key", "environment"]]
  [1m[35m (0.3ms)[0m  [1m[34mSELECT "schema_migrations"."version" FROM "schema_migrations" ORDER BY "schema_migrations"."version" ASC[0m
  [1m[35m (0.3ms)[0m  [1m[34mSELECT "ar_internal_metadata"."value" FROM "ar_internal_metadata" WHERE "ar_internal_metadata"."key" = $1[0m  [["key", "environment"]]
  [1m[35m (0.3ms)[0m  [1m[34mSELECT "schema_migrations"."version" FROM "schema_migrations" ORDER BY "schema_migrations"."version" ASC[0m
  [1m[35m (0.3ms)[0m  [1m[34mSELECT "ar_internal_metadata"."value" FROM "ar_internal_metadata" WHERE "ar_internal_metadata"."key" = $1[0m  [["key", "environment"]]
  [1m[35m (383.4ms)[0m  [1m[35mDROP DATABASE IF EXISTS "ScoreCan_development"[0m
  [1m[35m (394.1ms)[0m  [1m[35mDROP DATABASE IF EXISTS "ScoreCan_test"[0m
  [1m[35m (1315.6ms)[0m  [1m[35mCREATE DATABASE "ScoreCan_development" ENCODING = 'unicode'[0m
  [1m[35m (1325.4ms)[0m  [1m[35mCREATE DATABASE "ScoreCan_test" ENCODING = 'unicode'[0m
